1000
16667039.000000000000
1.700000000000 -15.000000000000 -8.000000000000 249
3.000000000000 -10.000000000000 -20.000000000000 850
4.910497317454 -24.000000000000 -33.000000000000 267
6.210497317454 -19.000000000000 -45.000000000000 555
8.070604841228 -8.000000000000 -60.000000000000 800
9.019288139279 1.000000000000 -57.000000000000 880
10.039092041997 3.000000000000 -67.000000000000 911
10.863713167121 -5.000000000000 -65.000000000000 391
11.718113541652 -2.000000000000 -73.000000000000 124
12.130424104214 2.000000000000 -72.000000000000 773
12.330424104214 2.000000000000 -70.000000000000 414
12.646651870231 3.000000000000 -67.000000000000 107
12.870258667981 5.000000000000 -68.000000000000 38
13.510571091724 10.000000000000 -72.000000000000 79
13.710571091724 12.000000000000 -72.000000000000 967
14.157784687224 10.000000000000 -76.000000000000 372
14.299206043462 9.000000000000 -77.000000000000 992
15.006312824648 4.000000000000 -82.000000000000 18
15.516214776007 5.000000000000 -87.000000000000 404
15.940478844719 8.000000000000 -90.000000000000 936
16.223321557194 6.000000000000 -92.000000000000 766
16.506164269669 4.000000000000 -94.000000000000 52
16.606164269669 3.000000000000 -94.000000000000 495
17.018474832230 -1.000000000000 -93.000000000000 125
17.556991312944 -3.000000000000 -88.000000000000 74
18.500389426149 -8.000000000000 -96.000000000000 415
18.641810782387 -7.000000000000 -97.000000000000 890
19.362921037480 -13.000000000000 -93.000000000000 710
19.775231600041 -17.000000000000 -92.000000000000 541
19.998838397791 -18.000000000000 -94.000000000000 790
20.298838397791 -18.000000000000 -97.000000000000 465
21.060415708378 -25.000000000000 -100.000000000000 953
21.201837064615 -26.000000000000 -99.000000000000 91
21.872657457865 -32.000000000000 -96.000000000000 970
22.096264255615 -31.000000000000 -94.000000000000 160
22.817374510708 -25.000000000000 -90.000000000000 426
23.117374510708 -22.000000000000 -90.000000000000 772
23.757686934451 -27.000000000000 -86.000000000000 236
24.057686934451 -27.000000000000 -83.000000000000 346
24.281293732201 -29.000000000000 -82.000000000000 519
24.889569985231 -28.000000000000 -76.000000000000 632
25.336783580731 -26.000000000000 -72.000000000000 771
25.836783580731 -26.000000000000 -67.000000000000 231
26.469239112764 -24.000000000000 -61.000000000000 140
26.881549675326 -23.000000000000 -57.000000000000 187
27.381549675326 -18.000000000000 -57.000000000000 701
27.805813744038 -15.000000000000 -54.000000000000 437
28.005813744038 -15.000000000000 -52.000000000000 82
28.366368871585 -13.000000000000 -55.000000000000 20
28.998824403618 -11.000000000000 -61.000000000000 80
29.537340884332 -6.000000000000 -59.000000000000 369
30.075857365045 -1.000000000000 -57.000000000000 2
30.392085131062 2.000000000000 -56.000000000000 964
30.752640258608 0.000000000000 -53.000000000000 99
31.514217569195 7.000000000000 -50.000000000000 374
32.185037962445 13.000000000000 -53.000000000000 168
32.501265728462 14.000000000000 -56.000000000000 431
32.861820856008 12.000000000000 -59.000000000000 769
33.085427653758 13.000000000000 -61.000000000000 647
33.685427653758 19.000000000000 -61.000000000000 234
33.826849009995 20.000000000000 -62.000000000000 961
34.251113078707 23.000000000000 -59.000000000000 47
34.834208268192 20.000000000000 -54.000000000000 306
34.934208268192 19.000000000000 -54.000000000000 755
35.217050980666 17.000000000000 -52.000000000000 997
36.023276755496 25.000000000000 -51.000000000000 615
36.730383536683 26.000000000000 -44.000000000000 837
37.046611302700 29.000000000000 -45.000000000000 508
37.270218100450 31.000000000000 -44.000000000000 722
37.717431695949 33.000000000000 -40.000000000000 777
37.817431695949 33.000000000000 -39.000000000000 386
38.449887227983 31.000000000000 -33.000000000000 210
38.897100823483 33.000000000000 -29.000000000000 842
39.213328589500 36.000000000000 -28.000000000000 795
39.354749945737 37.000000000000 -27.000000000000 433
39.670977711754 40.000000000000 -28.000000000000 153
40.083288274316 39.000000000000 -24.000000000000 802
40.648973699265 43.000000000000 -20.000000000000 335
41.376984688193 45.000000000000 -13.000000000000 651
42.138561998780 52.000000000000 -16.000000000000 854
42.454789764796 53.000000000000 -19.000000000000 694
43.087245296830 51.000000000000 -25.000000000000 571
43.228666653067 50.000000000000 -26.000000000000 941
44.123093844067 54.000000000000 -34.000000000000 570
44.632995795427 53.000000000000 -39.000000000000 532
45.241272048456 47.000000000000 -40.000000000000 283
45.751173999816 42.000000000000 -41.000000000000 877
46.334269189300 39.000000000000 -46.000000000000 664
47.378299840191 42.000000000000 -56.000000000000 649
47.601906637941 41.000000000000 -58.000000000000 147
47.701906637941 40.000000000000 -58.000000000000 981
48.001906637941 37.000000000000 -58.000000000000 733
48.101906637941 37.000000000000 -57.000000000000 704
48.401906637941 37.000000000000 -60.000000000000 588
48.901906637941 34.000000000000 -64.000000000000 292
49.125513435691 36.000000000000 -65.000000000000 265
49.408356148166 38.000000000000 -67.000000000000 109
49.768911275712 41.000000000000 -69.000000000000 763
50.468911275712 48.000000000000 -69.000000000000 438
51.390865721441 42.000000000000 -76.000000000000 765
51.803176284003 43.000000000000 -80.000000000000 262
51.903176284003 43.000000000000 -81.000000000000 913
52.315486846565 39.000000000000 -80.000000000000 321
52.898582036050 42.000000000000 -85.000000000000 625
53.040003392287 43.000000000000 -86.000000000000 538
53.464267460999 40.000000000000 -89.000000000000 278
53.605688817236 39.000000000000 -88.000000000000 543
54.105688817236 36.000000000000 -92.000000000000 599
54.552902412736 32.000000000000 -94.000000000000 259
55.052902412736 29.000000000000 -90.000000000000 132
55.465212975298 30.000000000000 -86.000000000000 683
56.186323230391 26.000000000000 -80.000000000000 457
56.502550996407 23.000000000000 -79.000000000000 297
57.085646185892 18.000000000000 -76.000000000000 824
58.489213070654 17.000000000000 -90.000000000000 287
59.089213070654 17.000000000000 -96.000000000000 894
59.536426666154 21.000000000000 -98.000000000000 288
60.298003976740 24.000000000000 -91.000000000000 499
62.452069899594 44.000000000000 -99.000000000000 237
63.481632913693 49.000000000000 -90.000000000000 848
64.047318338642 53.000000000000 -86.000000000000 313
64.585834819355 55.000000000000 -81.000000000000 947
64.902062585372 56.000000000000 -78.000000000000 535
65.850745883423 59.000000000000 -87.000000000000 213
66.350745883423 56.000000000000 -91.000000000000 522
66.450745883423 56.000000000000 -92.000000000000 344
66.897959478923 54.000000000000 -96.000000000000 411
67.605066260109 61.000000000000 -97.000000000000 759
67.746487616347 62.000000000000 -98.000000000000 812
68.346487616347 62.000000000000 -92.000000000000 286
68.546487616347 64.000000000000 -92.000000000000 273
69.186800040090 69.000000000000 -96.000000000000 481
69.948377350676 72.000000000000 -89.000000000000 728
70.264605116693 75.000000000000 -88.000000000000 450
70.676915679255 76.000000000000 -84.000000000000 623
70.900522477005 78.000000000000 -83.000000000000 449
71.261077604551 80.000000000000 -80.000000000000 552
71.484684402301 78.000000000000 -79.000000000000 902
72.023200883015 73.000000000000 -77.000000000000 120
72.246807680765 72.000000000000 -75.000000000000 322
72.659118243326 71.000000000000 -71.000000000000 669
72.882725041076 72.000000000000 -69.000000000000 454
73.024146397314 73.000000000000 -70.000000000000 925
73.247753195064 74.000000000000 -68.000000000000 145
73.647753195064 70.000000000000 -68.000000000000 90
74.280208727097 64.000000000000 -66.000000000000 4
74.503815524847 63.000000000000 -64.000000000000 50
75.231826513775 65.000000000000 -57.000000000000 296
75.902646907025 68.000000000000 -51.000000000000 348
76.044068263263 67.000000000000 -50.000000000000 808
76.644068263263 61.000000000000 -50.000000000000 333
77.351175044449 54.000000000000 -49.000000000000 986
77.651175044449 51.000000000000 -49.000000000000 22
78.011730171996 53.000000000000 -52.000000000000 926
78.424040734557 52.000000000000 -56.000000000000 796
79.007135924042 55.000000000000 -61.000000000000 868
80.111672025761 44.000000000000 -60.000000000000 428
80.744127557794 46.000000000000 -54.000000000000 681
81.960680063854 34.000000000000 -56.000000000000 479
83.042345446493 28.000000000000 -65.000000000000 747
85.928519384425 21.000000000000 -37.000000000000 405
86.991533965699 14.000000000000 -29.000000000000 527
87.215140763449 12.000000000000 -30.000000000000 467
87.715140763449 15.000000000000 -26.000000000000 244
88.162354358949 19.000000000000 -24.000000000000 617
88.869461140135 24.000000000000 -19.000000000000 277
89.093067937885 26.000000000000 -20.000000000000 156
89.701344190915 27.000000000000 -26.000000000000 221
90.017571956932 30.000000000000 -27.000000000000 289
90.650027488966 32.000000000000 -21.000000000000 989
91.950027488966 37.000000000000 -9.000000000000 969
92.459929440325 38.000000000000 -4.000000000000 748
92.907143035825 40.000000000000 0.000000000000 57
93.472828460774 44.000000000000 4.000000000000 821
93.672828460774 44.000000000000 6.000000000000 235
94.255923650259 49.000000000000 3.000000000000 117
95.177878095988 58.000000000000 1.000000000000 723
95.460720808463 60.000000000000 -1.000000000000 180
95.684327606213 59.000000000000 -3.000000000000 703
96.000555372229 62.000000000000 -4.000000000000 469
96.510457323589 63.000000000000 -9.000000000000 152
97.142912855622 57.000000000000 -11.000000000000 920
97.284334211860 56.000000000000 -10.000000000000 422
97.584334211860 56.000000000000 -13.000000000000 96
97.684334211860 55.000000000000 -13.000000000000 897
97.984334211860 58.000000000000 -13.000000000000 195
98.484334211860 61.000000000000 -17.000000000000 768
98.844889339406 64.000000000000 -19.000000000000 616
99.205444466953 66.000000000000 -16.000000000000 326
99.845756890696 70.000000000000 -21.000000000000 674
100.206312018242 73.000000000000 -23.000000000000 962
100.618622580804 77.000000000000 -22.000000000000 383
101.346633569732 79.000000000000 -29.000000000000 37
101.856535521091 80.000000000000 -34.000000000000 734
102.139378233566 78.000000000000 -36.000000000000 317
102.539378233566 74.000000000000 -36.000000000000 403
102.639378233566 73.000000000000 -36.000000000000 915
103.039378233566 69.000000000000 -36.000000000000 417
103.746485014753 70.000000000000 -29.000000000000 111
104.285001495466 65.000000000000 -27.000000000000 87
104.585001495466 65.000000000000 -24.000000000000 193
104.726422851703 66.000000000000 -23.000000000000 174
105.586655378408 59.000000000000 -28.000000000000 28
106.392881153237 60.000000000000 -36.000000000000 685
108.139306072895 76.000000000000 -43.000000000000 257
108.339306072895 76.000000000000 -45.000000000000 360
108.849208024254 77.000000000000 -40.000000000000 965
109.743635215254 85.000000000000 -36.000000000000 581
109.943635215254 87.000000000000 -36.000000000000 136
110.167242013004 86.000000000000 -34.000000000000 472
110.767242013004 86.000000000000 -40.000000000000 35
111.179552575566 87.000000000000 -44.000000000000 671
111.540107703112 84.000000000000 -46.000000000000 676
112.346333477942 88.000000000000 -53.000000000000 264
112.884849958655 86.000000000000 -58.000000000000 517
113.555670351905 80.000000000000 -55.000000000000 638
114.094186832619 75.000000000000 -57.000000000000 105
114.694186832619 75.000000000000 -51.000000000000 927
116.573016255424 92.000000000000 -43.000000000000 123
116.796623053174 93.000000000000 -45.000000000000 62
117.243836648674 91.000000000000 -41.000000000000 295
117.743836648674 96.000000000000 -41.000000000000 349
118.326931838159 99.000000000000 -36.000000000000 668
118.826931838159 96.000000000000 -32.000000000000 31
118.968353194396 95.000000000000 -33.000000000000 246
120.571475148584 94.000000000000 -17.000000000000 524
121.824471557198 88.000000000000 -6.000000000000 656
121.924471557198 88.000000000000 -5.000000000000 419
122.124471557198 88.000000000000 -3.000000000000 843
122.732747810228 87.000000000000 3.000000000000 229
123.341024063258 93.000000000000 2.000000000000 907
123.841024063258 98.000000000000 2.000000000000 205
124.241024063258 98.000000000000 -2.000000000000 25
125.544864544299 99.000000000000 11.000000000000 788
126.251971325485 92.000000000000 10.000000000000 718
126.959078106672 85.000000000000 11.000000000000 917
127.591533638705 79.000000000000 9.000000000000 976
128.003844201267 78.000000000000 5.000000000000 329
128.503844201267 74.000000000000 2.000000000000 652
128.727450999017 73.000000000000 4.000000000000 587
129.139761561579 69.000000000000 3.000000000000 823
129.339761561579 69.000000000000 1.000000000000 356
129.972217093613 71.000000000000 -5.000000000000 984
130.700228082541 73.000000000000 -12.000000000000 779
132.544136973999 61.000000000000 2.000000000000 621
133.573699988098 66.000000000000 11.000000000000 167
133.934255115644 69.000000000000 13.000000000000 627
134.472771596358 74.000000000000 11.000000000000 112
135.179878377544 79.000000000000 16.000000000000 585
136.101832823274 88.000000000000 18.000000000000 817
136.462387950820 90.000000000000 21.000000000000 183
136.685994748570 89.000000000000 23.000000000000 952
137.110258817282 86.000000000000 26.000000000000 861
137.916484592112 94.000000000000 25.000000000000 379
138.426386543471 99.000000000000 26.000000000000 303
139.126386543471 99.000000000000 19.000000000000 860
140.626386543471 99.000000000000 34.000000000000 347
141.616336037132 92.000000000000 41.000000000000 43
142.256648460875 88.000000000000 46.000000000000 887
142.927468854125 91.000000000000 52.000000000000 173
143.288023981672 94.000000000000 54.000000000000 102
143.488023981672 94.000000000000 56.000000000000 935
143.788023981672 97.000000000000 56.000000000000 869
144.326540462385 99.000000000000 51.000000000000 29
145.826540462385 90.000000000000 63.000000000000 357
146.187095589932 93.000000000000 65.000000000000 876
146.503323355948 92.000000000000 68.000000000000 906
146.786166068423 94.000000000000 70.000000000000 831
147.233379663923 92.000000000000 74.000000000000 375
147.593934791469 94.000000000000 77.000000000000 315
147.693934791469 95.000000000000 77.000000000000 904
148.106245354031 91.000000000000 78.000000000000 143
148.466800481578 89.000000000000 81.000000000000 361
148.891064550290 86.000000000000 84.000000000000 862
149.523520082323 80.000000000000 82.000000000000 108
150.155975614357 78.000000000000 76.000000000000 16
150.555975614357 78.000000000000 72.000000000000 127
151.055975614357 75.000000000000 68.000000000000 49
151.455975614357 71.000000000000 68.000000000000 146
151.965877565716 66.000000000000 67.000000000000 400
152.504394046430 68.000000000000 62.000000000000 646
153.070079471379 64.000000000000 58.000000000000 420
153.293686269129 62.000000000000 59.000000000000 751
153.654241396675 60.000000000000 56.000000000000 453
153.754241396675 59.000000000000 56.000000000000 560
154.166551959237 55.000000000000 55.000000000000 351
154.666551959237 51.000000000000 52.000000000000 919
155.249647148722 54.000000000000 47.000000000000 129
156.293677799613 64.000000000000 44.000000000000 520
156.793677799613 64.000000000000 39.000000000000 697
157.303579750972 69.000000000000 40.000000000000 208
157.750793346472 73.000000000000 42.000000000000 258
157.750793346472 73.000000000000 42.000000000000 507
158.557019121302 72.000000000000 34.000000000000 119
158.957019121302 76.000000000000 34.000000000000 342
159.180625919052 77.000000000000 32.000000000000 841
159.463468631526 75.000000000000 30.000000000000 780
159.687075429276 76.000000000000 28.000000000000 708
160.448652739863 79.000000000000 35.000000000000 896
161.119473133113 82.000000000000 41.000000000000 857
161.629375084472 81.000000000000 46.000000000000 461
161.729375084472 81.000000000000 47.000000000000 232
161.870796440709 80.000000000000 46.000000000000 785
162.731028967413 73.000000000000 51.000000000000 628
163.269545448127 71.000000000000 56.000000000000 540
163.493152245877 72.000000000000 58.000000000000 553
164.163972639127 78.000000000000 61.000000000000 314
164.834793032377 84.000000000000 64.000000000000 612
165.151020798394 87.000000000000 65.000000000000 895
165.872131053486 83.000000000000 71.000000000000 582
166.013552409724 84.000000000000 72.000000000000 159
167.513552409724 93.000000000000 84.000000000000 130
167.829780175740 96.000000000000 83.000000000000 304
168.329780175740 99.000000000000 87.000000000000 787
169.359343189839 94.000000000000 96.000000000000 689
169.582949987589 95.000000000000 98.000000000000 141
169.682949987589 96.000000000000 98.000000000000 801
170.266045177074 91.000000000000 95.000000000000 199
170.874321430104 85.000000000000 94.000000000000 502
171.190549196120 84.000000000000 91.000000000000 30
171.331970552358 83.000000000000 90.000000000000 829
171.870487033071 78.000000000000 92.000000000000 75
172.094093830821 77.000000000000 94.000000000000 224
172.801200612008 82.000000000000 99.000000000000 269
174.038132299693 70.000000000000 96.000000000000 738
174.738132299693 63.000000000000 96.000000000000 716
174.879553655930 62.000000000000 97.000000000000 619
175.801508101660 56.000000000000 90.000000000000 44
176.162063229206 53.000000000000 92.000000000000 938
176.869170010392 48.000000000000 97.000000000000 810
177.281480572954 44.000000000000 96.000000000000 944
177.381480572954 43.000000000000 96.000000000000 572
177.681480572954 43.000000000000 99.000000000000 784
178.686468135066 44.000000000000 89.000000000000 325
178.910074932816 45.000000000000 87.000000000000 441
179.133681730566 47.000000000000 86.000000000000 281
179.914706698157 53.000000000000 81.000000000000 545
180.361920293657 55.000000000000 77.000000000000 230
180.585527091407 53.000000000000 76.000000000000 782
181.185527091407 53.000000000000 70.000000000000 554
181.685527091407 48.000000000000 70.000000000000 486
182.268622280891 43.000000000000 73.000000000000 503
182.551464993366 45.000000000000 75.000000000000 603
182.867692759383 42.000000000000 76.000000000000 849
183.857642253044 35.000000000000 69.000000000000 241
184.173870019061 32.000000000000 68.000000000000 9
184.273870019061 32.000000000000 67.000000000000 807
185.195824464790 23.000000000000 65.000000000000 225
185.337245821027 22.000000000000 66.000000000000 305
185.784459416527 18.000000000000 64.000000000000 32
186.100687182544 15.000000000000 63.000000000000 686
186.300687182544 13.000000000000 63.000000000000 792
186.810589133904 14.000000000000 68.000000000000 207
187.171144261450 11.000000000000 70.000000000000 201
187.811456685193 6.000000000000 66.000000000000 200
188.311456685193 1.000000000000 66.000000000000 957
188.849973165907 -4.000000000000 64.000000000000 310
189.557079947093 -11.000000000000 63.000000000000 809
190.095596427807 -13.000000000000 68.000000000000 92
190.395596427807 -13.000000000000 71.000000000000 845
190.695596427807 -13.000000000000 74.000000000000 300
191.303872680837 -7.000000000000 73.000000000000 670
191.603872680837 -7.000000000000 76.000000000000 650
191.964427808383 -5.000000000000 79.000000000000 252
192.364427808383 -1.000000000000 79.000000000000 923
192.588034606133 1.000000000000 80.000000000000 248
192.870877318608 3.000000000000 78.000000000000 217
193.453972508092 0.000000000000 83.000000000000 364
194.062248761122 6.000000000000 84.000000000000 700
195.125263342395 14.000000000000 77.000000000000 576
195.635165293755 19.000000000000 76.000000000000 10
196.363176282683 26.000000000000 78.000000000000 336
197.285130728412 32.000000000000 85.000000000000 498
197.508737526162 34.000000000000 86.000000000000 378
197.650158882399 35.000000000000 85.000000000000 263
198.456384657229 28.000000000000 89.000000000000 365
198.903598252729 26.000000000000 93.000000000000 434
199.403598252729 22.000000000000 90.000000000000 128
199.403598252729 22.000000000000 90.000000000000 339
199.764153380276 19.000000000000 92.000000000000 42
200.080381146292 18.000000000000 95.000000000000 1
200.580381146292 21.000000000000 99.000000000000 725
200.803987944042 23.000000000000 98.000000000000 142
201.703987944042 14.000000000000 98.000000000000 853
202.103987944042 10.000000000000 98.000000000000 604
202.811094725229 3.000000000000 99.000000000000 222
203.111094725229 0.000000000000 99.000000000000 270
203.611094725229 0.000000000000 94.000000000000 799
203.811094725229 2.000000000000 94.000000000000 67
204.258308320729 -2.000000000000 92.000000000000 162
204.929128713979 -5.000000000000 98.000000000000 931
206.069304139078 -14.000000000000 91.000000000000 786
206.469304139078 -14.000000000000 87.000000000000 939
206.569304139078 -13.000000000000 87.000000000000 250
207.209616562821 -9.000000000000 82.000000000000 537
208.426169068881 -21.000000000000 80.000000000000 546
208.873382664381 -25.000000000000 82.000000000000 416
209.096989462131 -26.000000000000 84.000000000000 389
209.296989462131 -26.000000000000 86.000000000000 282
209.496989462131 -24.000000000000 86.000000000000 715
209.944203057631 -28.000000000000 88.000000000000 443
210.044203057631 -29.000000000000 88.000000000000 271
210.360430823648 -28.000000000000 91.000000000000 493
211.282385269377 -35.000000000000 85.000000000000 101
211.706649338089 -38.000000000000 88.000000000000 567
211.989492050563 -40.000000000000 86.000000000000 155
212.389492050563 -40.000000000000 90.000000000000 463
212.489492050563 -41.000000000000 90.000000000000 216
213.509295953282 -51.000000000000 92.000000000000 608
213.825523719299 -52.000000000000 95.000000000000 580
214.186078846845 -55.000000000000 93.000000000000 362
214.893185628032 -50.000000000000 98.000000000000 387
216.458433212282 -57.000000000000 84.000000000000 274
216.968335163641 -62.000000000000 83.000000000000 424
217.368335163641 -66.000000000000 83.000000000000 407
217.568335163641 -66.000000000000 81.000000000000 40
218.078237115000 -67.000000000000 76.000000000000 909
218.661332304485 -72.000000000000 73.000000000000 381
218.944175016959 -74.000000000000 75.000000000000 673
219.260402782976 -77.000000000000 74.000000000000 764
219.543245495451 -79.000000000000 72.000000000000 66
219.859473261468 -82.000000000000 73.000000000000 569
220.059473261468 -82.000000000000 71.000000000000 985
220.359473261468 -82.000000000000 68.000000000000 637
220.459473261468 -82.000000000000 67.000000000000 223
220.683080059218 -84.000000000000 68.000000000000 494
220.983080059218 -84.000000000000 65.000000000000 644
221.383080059218 -84.000000000000 61.000000000000 26
221.795390621779 -80.000000000000 60.000000000000 212
222.095390621779 -80.000000000000 57.000000000000 836
222.318997419529 -79.000000000000 55.000000000000 343
222.718997419529 -83.000000000000 55.000000000000 59
222.860418775767 -84.000000000000 54.000000000000 36
223.143261488241 -86.000000000000 56.000000000000 966
223.243261488241 -86.000000000000 57.000000000000 126
223.753163439601 -87.000000000000 52.000000000000 312
224.474273694693 -83.000000000000 46.000000000000 536
224.834828822240 -80.000000000000 44.000000000000 63
225.259092890952 -77.000000000000 41.000000000000 118
225.619648018498 -74.000000000000 43.000000000000 327
226.252103550532 -68.000000000000 45.000000000000 190
226.817788975481 -72.000000000000 49.000000000000 219
227.317788975481 -69.000000000000 53.000000000000 533
227.717788975481 -65.000000000000 53.000000000000 653
227.859210331718 -64.000000000000 52.000000000000 640
228.397726812432 -66.000000000000 57.000000000000 176
228.621333610182 -64.000000000000 58.000000000000 758
228.721333610182 -63.000000000000 58.000000000000 990
229.004176322656 -65.000000000000 60.000000000000 950
229.416486885218 -69.000000000000 59.000000000000 56
230.123593666405 -68.000000000000 66.000000000000 983
230.633495617764 -73.000000000000 67.000000000000 309
231.354605872857 -77.000000000000 61.000000000000 661
232.494781297956 -80.000000000000 50.000000000000 606
233.794781297956 -92.000000000000 45.000000000000 1000
234.018388095706 -94.000000000000 44.000000000000 484
234.334615861723 -97.000000000000 43.000000000000 736
235.354419764441 -99.000000000000 33.000000000000 397
235.986875296475 -93.000000000000 31.000000000000 523
236.210482094225 -91.000000000000 32.000000000000 620
236.881302487475 -94.000000000000 26.000000000000 987
237.197530253492 -91.000000000000 25.000000000000 490
237.904637034678 -92.000000000000 18.000000000000 334
238.204637034678 -95.000000000000 18.000000000000 574
238.404637034678 -97.000000000000 18.000000000000 657
238.546058390916 -98.000000000000 17.000000000000 401
238.769665188666 -99.000000000000 19.000000000000 54
239.216878784166 -97.000000000000 15.000000000000 261
239.416878784166 -95.000000000000 15.000000000000 743
239.616878784166 -93.000000000000 15.000000000000 131
240.041142852877 -90.000000000000 12.000000000000 34
240.802720163464 -87.000000000000 19.000000000000 814
241.385815352948 -82.000000000000 16.000000000000 729
241.833028948448 -78.000000000000 14.000000000000 100
242.416124137933 -81.000000000000 9.000000000000 3
242.840388206645 -78.000000000000 6.000000000000 871
243.350290158004 -73.000000000000 5.000000000000 432
243.491711514241 -72.000000000000 4.000000000000 341
244.219722503169 -70.000000000000 11.000000000000 203
244.580277630716 -68.000000000000 14.000000000000 478
244.721698986953 -69.000000000000 15.000000000000 488
245.576099361485 -72.000000000000 23.000000000000 84
245.988409924047 -73.000000000000 27.000000000000 797
246.769434891637 -78.000000000000 33.000000000000 590
247.069434891637 -78.000000000000 36.000000000000 744
247.469434891637 -74.000000000000 36.000000000000 477
248.275660666467 -81.000000000000 32.000000000000 218
248.908116198501 -83.000000000000 26.000000000000 781
250.805482794602 -65.000000000000 32.000000000000 337
251.305482794602 -61.000000000000 29.000000000000 149
251.729746863314 -58.000000000000 26.000000000000 113
252.012589575788 -56.000000000000 24.000000000000 610
252.412589575788 -56.000000000000 20.000000000000 474
252.922491527148 -51.000000000000 19.000000000000 794
253.205334239622 -49.000000000000 21.000000000000 53
254.099761430622 -41.000000000000 25.000000000000 583
254.199761430622 -41.000000000000 26.000000000000 439
254.980786398213 -46.000000000000 32.000000000000 97
255.519302878926 -51.000000000000 34.000000000000 742
255.919302878926 -55.000000000000 34.000000000000 456
256.060724235164 -56.000000000000 35.000000000000 602
256.421279362710 -58.000000000000 38.000000000000 366
256.644886160460 -57.000000000000 40.000000000000 485
257.227981349945 -62.000000000000 37.000000000000 929
258.290995931218 -54.000000000000 30.000000000000 663
259.239679229269 -51.000000000000 39.000000000000 515
260.224565009448 -47.000000000000 48.000000000000 804
260.324565009448 -46.000000000000 48.000000000000 27
260.771778604948 -44.000000000000 52.000000000000 33
261.088006370965 -41.000000000000 51.000000000000 447
261.849583681551 -34.000000000000 54.000000000000 666
262.359485632911 -33.000000000000 49.000000000000 435
263.184106758034 -35.000000000000 41.000000000000 279
263.584106758034 -31.000000000000 41.000000000000 833
264.390332532864 -24.000000000000 37.000000000000 307
264.890332532864 -20.000000000000 40.000000000000 291
265.031753889101 -19.000000000000 39.000000000000 89
265.541655840461 -14.000000000000 40.000000000000 491
265.988869435961 -16.000000000000 44.000000000000 687
266.488869435961 -13.000000000000 48.000000000000 242
266.588869435961 -12.000000000000 48.000000000000 702
266.812476233711 -10.000000000000 47.000000000000 158
267.128703999727 -7.000000000000 46.000000000000 412
267.528703999727 -7.000000000000 50.000000000000 46
267.752310797477 -8.000000000000 52.000000000000 720
267.952310797477 -8.000000000000 54.000000000000 164
268.312865925024 -5.000000000000 52.000000000000 940
268.595708637498 -3.000000000000 50.000000000000 489
268.819315435248 -2.000000000000 48.000000000000 562
269.490135828498 4.000000000000 51.000000000000 531
270.073231017983 1.000000000000 56.000000000000 122
271.462475416928 13.000000000000 49.000000000000 384
271.686082214678 15.000000000000 50.000000000000 172
272.356902607928 12.000000000000 44.000000000000 402
273.341788388107 3.000000000000 40.000000000000 945
273.924883577592 0.000000000000 35.000000000000 563
274.424883577592 -5.000000000000 35.000000000000 72
275.524883577592 6.000000000000 35.000000000000 891
276.063400058305 11.000000000000 33.000000000000 542
276.869625833135 19.000000000000 32.000000000000 178
277.899188847234 14.000000000000 23.000000000000 471
278.399188847234 11.000000000000 19.000000000000 500
278.622795644984 10.000000000000 17.000000000000 660
279.122795644984 13.000000000000 13.000000000000 521
279.122795644984 13.000000000000 13.000000000000 930
279.346402442734 14.000000000000 11.000000000000 998
279.487823798971 15.000000000000 10.000000000000 482
279.804051564988 12.000000000000 9.000000000000 757
280.369736989937 16.000000000000 5.000000000000 413
280.879638941297 21.000000000000 6.000000000000 881
280.979638941297 22.000000000000 6.000000000000 13
281.379638941297 22.000000000000 10.000000000000 94
281.945324366246 18.000000000000 14.000000000000 211
282.228167078720 16.000000000000 16.000000000000 614
282.451773876470 18.000000000000 17.000000000000 875
283.060050129500 24.000000000000 18.000000000000 678
283.201471485738 25.000000000000 17.000000000000 885
283.425078283488 27.000000000000 18.000000000000 549
283.825078283488 27.000000000000 22.000000000000 556
284.048685081238 25.000000000000 23.000000000000 879
285.188860506337 32.000000000000 14.000000000000 629
285.330281862574 33.000000000000 13.000000000000 73
286.030281862574 33.000000000000 6.000000000000 924
286.313124575049 35.000000000000 4.000000000000 699
286.713124575049 31.000000000000 4.000000000000 775
287.073679702595 28.000000000000 6.000000000000 827
287.928080077127 31.000000000000 -2.000000000000 870
288.069501433364 32.000000000000 -3.000000000000 492
288.850526400955 26.000000000000 -8.000000000000 58
289.850526400955 20.000000000000 0.000000000000 635
290.704926775486 12.000000000000 -3.000000000000 65
291.345239199230 7.000000000000 -7.000000000000 933
291.757549761791 6.000000000000 -11.000000000000 151
292.169860324353 2.000000000000 -12.000000000000 446
292.469860324353 2.000000000000 -15.000000000000 170
293.102315856387 0.000000000000 -9.000000000000 654
293.702315856387 -6.000000000000 -9.000000000000 949
294.114626418949 -5.000000000000 -5.000000000000 731
294.561840014449 -1.000000000000 -3.000000000000 844
294.661840014449 -1.000000000000 -2.000000000000 390
295.368946795635 -2.000000000000 5.000000000000 182
295.768946795635 2.000000000000 5.000000000000 154
296.216160391135 0.000000000000 9.000000000000 806
296.716160391135 4.000000000000 12.000000000000 739
297.477737701721 -3.000000000000 15.000000000000 609
297.977737701721 -6.000000000000 11.000000000000 60
298.377737701721 -6.000000000000 7.000000000000 963
299.517913126821 -13.000000000000 16.000000000000 509
299.917913126821 -17.000000000000 16.000000000000 7
300.365126722320 -21.000000000000 14.000000000000 8
300.765126722320 -21.000000000000 18.000000000000 266
301.397582254354 -19.000000000000 24.000000000000 135
301.697582254354 -19.000000000000 27.000000000000 134
302.058137381901 -21.000000000000 30.000000000000 884
302.258137381900 -23.000000000000 30.000000000000 636
302.358137381901 -23.000000000000 31.000000000000 103
302.718692509447 -26.000000000000 29.000000000000 530
302.918692509447 -28.000000000000 29.000000000000 418
303.234920275464 -27.000000000000 26.000000000000 750
303.634920275464 -23.000000000000 26.000000000000 139
304.200605700413 -27.000000000000 22.000000000000 761
304.400605700413 -29.000000000000 22.000000000000 819
304.716833466430 -32.000000000000 21.000000000000 770
304.916833466430 -32.000000000000 19.000000000000 778
305.341097535142 -35.000000000000 16.000000000000 977
306.041097535142 -35.000000000000 9.000000000000 776
306.453408097703 -39.000000000000 10.000000000000 691
306.900621693203 -43.000000000000 8.000000000000 423
307.439138173917 -48.000000000000 6.000000000000 714
307.755365939934 -51.000000000000 5.000000000000 594
307.978972737684 -53.000000000000 6.000000000000 367
308.295200503700 -52.000000000000 9.000000000000 840
308.966020896950 -58.000000000000 6.000000000000 398
309.282248662967 -61.000000000000 5.000000000000 516
310.282248662967 -67.000000000000 -3.000000000000 713
310.682248662967 -67.000000000000 -7.000000000000 427
311.542481189671 -72.000000000000 -14.000000000000 161
311.903036317218 -75.000000000000 -16.000000000000 898
312.511312570248 -69.000000000000 -17.000000000000 204
312.711312570248 -67.000000000000 -17.000000000000 76
313.418419351434 -60.000000000000 -18.000000000000 932
313.734647117451 -59.000000000000 -21.000000000000 448
314.559268242574 -61.000000000000 -29.000000000000 584
314.559268242574 -61.000000000000 -29.000000000000 973
314.759268242574 -63.000000000000 -29.000000000000 98
314.759268242574 -63.000000000000 -29.000000000000 642
314.959268242574 -63.000000000000 -31.000000000000 214
315.406481838074 -67.000000000000 -29.000000000000 61
315.547903194312 -68.000000000000 -30.000000000000 793
315.747903194312 -68.000000000000 -32.000000000000 169
316.330998383796 -73.000000000000 -35.000000000000 363
316.554605181546 -75.000000000000 -36.000000000000 240
316.554605181546 -75.000000000000 -36.000000000000 856
316.870832947563 -76.000000000000 -33.000000000000 399
317.094439745313 -75.000000000000 -31.000000000000 597
317.494439745313 -79.000000000000 -31.000000000000 866
317.810667511330 -78.000000000000 -28.000000000000 354
317.952088867567 -77.000000000000 -27.000000000000 688
318.175695665317 -78.000000000000 -25.000000000000 385
318.675695665317 -81.000000000000 -21.000000000000 85
318.958538377792 -83.000000000000 -23.000000000000 643
319.458538377792 -83.000000000000 -18.000000000000 376
319.558538377792 -82.000000000000 -18.000000000000 791
320.190993909825 -84.000000000000 -12.000000000000 323
320.414600707575 -85.000000000000 -10.000000000000 855
320.556022063813 -86.000000000000 -9.000000000000 198
320.779628861563 -87.000000000000 -7.000000000000 975
321.318145342276 -92.000000000000 -5.000000000000 215
321.541752140026 -94.000000000000 -6.000000000000 528
321.765358937776 -96.000000000000 -5.000000000000 918
322.177669500338 -95.000000000000 -1.000000000000 892
322.377669500338 -93.000000000000 -1.000000000000 382
322.985945753368 -99.000000000000 -2.000000000000 605
324.090481855086 -98.000000000000 -13.000000000000 93
324.790481855086 -98.000000000000 -20.000000000000 504
325.712436300816 -89.000000000000 -18.000000000000 749
326.617974814629 -88.000000000000 -27.000000000000 867
327.288795207879 -91.000000000000 -33.000000000000 202
327.995901989066 -96.000000000000 -38.000000000000 377
328.219508786816 -98.000000000000 -37.000000000000 762
328.758025267529 -100.000000000000 -32.000000000000 951
330.061865748570 -99.000000000000 -45.000000000000 943
330.474176311132 -95.000000000000 -46.000000000000 275
330.674176311132 -93.000000000000 -46.000000000000 903
330.874176311132 -93.000000000000 -48.000000000000 324
331.074176311132 -93.000000000000 -50.000000000000 459
331.390404077148 -94.000000000000 -53.000000000000 121
331.590404077148 -96.000000000000 -53.000000000000 706
332.580353570810 -89.000000000000 -60.000000000000 822
333.212809102843 -83.000000000000 -62.000000000000 798
333.312809102843 -83.000000000000 -63.000000000000 328
333.725119665405 -82.000000000000 -67.000000000000 900
334.007962377880 -84.000000000000 -69.000000000000 440
335.148137802979 -75.000000000000 -76.000000000000 316
335.371744600729 -73.000000000000 -77.000000000000 695
336.099755589657 -66.000000000000 -79.000000000000 514
336.415983355674 -63.000000000000 -78.000000000000 677
336.515983355674 -63.000000000000 -77.000000000000 408
336.657404711911 -62.000000000000 -76.000000000000 655
336.973632477928 -61.000000000000 -73.000000000000 425
337.420846073428 -63.000000000000 -69.000000000000 243
337.833156635990 -67.000000000000 -70.000000000000 864
338.614181603580 -61.000000000000 -65.000000000000 595
338.897024316055 -63.000000000000 -63.000000000000 922
339.197024316055 -63.000000000000 -60.000000000000 908
339.706926267414 -64.000000000000 -55.000000000000 838
339.930533065164 -62.000000000000 -54.000000000000 557
340.030533065164 -62.000000000000 -53.000000000000 137
340.130533065164 -61.000000000000 -53.000000000000 436
340.413375777639 -63.000000000000 -51.000000000000 179
340.860589373139 -67.000000000000 -53.000000000000 726
341.143432085613 -69.000000000000 -51.000000000000 578
341.555742648175 -68.000000000000 -47.000000000000 371
342.002956243675 -70.000000000000 -43.000000000000 883
342.902956243675 -79.000000000000 -43.000000000000 978
343.922760146394 -89.000000000000 -41.000000000000 332
345.672045714847 -80.000000000000 -56.000000000000 882
346.181947666206 -75.000000000000 -55.000000000000 937
346.909958655135 -73.000000000000 -62.000000000000 388
347.209958655135 -70.000000000000 -62.000000000000 194
348.624172217508 -56.000000000000 -60.000000000000 899
349.331278998694 -49.000000000000 -59.000000000000 705
349.939555251724 -48.000000000000 -65.000000000000 138
351.016588213151 -44.000000000000 -55.000000000000 15
351.516588213151 -47.000000000000 -51.000000000000 308
351.877143340697 -50.000000000000 -49.000000000000 247
352.077143340697 -52.000000000000 -49.000000000000 501
352.615659821411 -57.000000000000 -47.000000000000 460
352.931887587428 -58.000000000000 -44.000000000000 593
353.431887587428 -54.000000000000 -41.000000000000 958
353.748115353444 -55.000000000000 -38.000000000000 745
354.048115353444 -58.000000000000 -38.000000000000 684
354.271722151194 -60.000000000000 -39.000000000000 311
354.837407576144 -56.000000000000 -35.000000000000 760
354.837407576144 -56.000000000000 -35.000000000000 905
355.037407576144 -56.000000000000 -33.000000000000 551
355.320250288618 -54.000000000000 -35.000000000000 916
355.830152239978 -55.000000000000 -30.000000000000 971
356.591729550564 -48.000000000000 -33.000000000000 682
357.101631501923 -49.000000000000 -38.000000000000 767
357.201631501923 -49.000000000000 -39.000000000000 302
357.701631501923 -44.000000000000 -39.000000000000 999
358.211533453282 -43.000000000000 -44.000000000000 95
358.572088580829 -45.000000000000 -47.000000000000 293
359.212401004572 -40.000000000000 -51.000000000000 177
359.778086429521 -36.000000000000 -47.000000000000 596
360.506097418449 -29.000000000000 -45.000000000000 39
360.866652545996 -26.000000000000 -43.000000000000 444
361.474928799026 -20.000000000000 -42.000000000000 239
361.874928799026 -20.000000000000 -38.000000000000 568
362.174928799026 -17.000000000000 -38.000000000000 181
362.981154573856 -9.000000000000 -39.000000000000 988
363.181154573856 -7.000000000000 -39.000000000000 505
363.281154573856 -7.000000000000 -38.000000000000 497
363.913610105889 -9.000000000000 -44.000000000000 284
364.325920668451 -10.000000000000 -48.000000000000 658
364.425920668451 -10.000000000000 -49.000000000000 577
365.955626522529 -25.000000000000 -52.000000000000 191
367.442233397261 -36.000000000000 -62.000000000000 51
367.942233397261 -33.000000000000 -66.000000000000 518
368.452135348620 -32.000000000000 -71.000000000000 21
369.552135348620 -21.000000000000 -71.000000000000 88
369.912690476166 -18.000000000000 -73.000000000000 607
370.273245603713 -15.000000000000 -71.000000000000 106
370.838931028662 -11.000000000000 -75.000000000000 358
371.121773741137 -9.000000000000 -77.000000000000 227
371.631675692496 -14.000000000000 -78.000000000000 430
372.055939761208 -17.000000000000 -81.000000000000 506
372.416494888754 -19.000000000000 -78.000000000000 995
373.534528877504 -14.000000000000 -88.000000000000 330
375.911501742305 -5.000000000000 -66.000000000000 78
378.642801799055 6.000000000000 -41.000000000000 298
378.742801799055 6.000000000000 -40.000000000000 83
379.383114222798 2.000000000000 -35.000000000000 525
379.699341988815 1.000000000000 -32.000000000000 487
380.209243940174 6.000000000000 -33.000000000000 410
381.327277928924 8.000000000000 -22.000000000000 893
381.739588491486 4.000000000000 -21.000000000000 993
382.410408884736 10.000000000000 -18.000000000000 579
382.610408884736 12.000000000000 -18.000000000000 148
383.148925365449 10.000000000000 -13.000000000000 564
383.648925365449 14.000000000000 -10.000000000000 45
383.872532163199 16.000000000000 -11.000000000000 889
386.019623218557 -3.000000000000 -21.000000000000 392
386.602718408042 -6.000000000000 -26.000000000000 110
387.026982476754 -9.000000000000 -23.000000000000 294
387.948936922483 -15.000000000000 -16.000000000000 466
388.090358278720 -14.000000000000 -15.000000000000 834
388.231779634958 -15.000000000000 -14.000000000000 816
388.548007400975 -18.000000000000 -13.000000000000 185
388.548007400975 -18.000000000000 -13.000000000000 910
388.689428757212 -19.000000000000 -12.000000000000 561
389.101739319774 -20.000000000000 -16.000000000000 81
389.956139694305 -17.000000000000 -8.000000000000 144
390.494656175019 -22.000000000000 -6.000000000000 86
390.636077531256 -23.000000000000 -7.000000000000 48
390.936077531256 -23.000000000000 -4.000000000000 220
391.568533063290 -17.000000000000 -2.000000000000 659
392.168533063290 -17.000000000000 4.000000000000 852
392.974758838120 -24.000000000000 8.000000000000 630
393.198365635870 -25.000000000000 6.000000000000 370
393.421972433620 -26.000000000000 4.000000000000 157
394.021972433620 -32.000000000000 4.000000000000 954
394.560488914333 -34.000000000000 -1.000000000000 421
395.099005395047 -36.000000000000 -6.000000000000 340
395.381848107521 -38.000000000000 -8.000000000000 741
395.664690819996 -40.000000000000 -10.000000000000 754
396.385801075089 -44.000000000000 -4.000000000000 835
396.702028841105 -43.000000000000 -1.000000000000 830
397.211930792465 -48.000000000000 0.000000000000 393
397.411930792465 -48.000000000000 2.000000000000 352
397.995025981949 -51.000000000000 -3.000000000000 626
398.136447338187 -50.000000000000 -4.000000000000 299
399.440287819227 -39.000000000000 3.000000000000 206
401.284196710686 -27.000000000000 -11.000000000000 189
402.492501308045 -32.000000000000 -22.000000000000 873
402.692501308045 -32.000000000000 -24.000000000000 116
403.275596497530 -35.000000000000 -29.000000000000 547
403.858691687014 -40.000000000000 -26.000000000000 721
404.219246814561 -43.000000000000 -24.000000000000 948
404.666460410060 -39.000000000000 -22.000000000000 662
405.078770972622 -38.000000000000 -18.000000000000 373
405.806781961550 -45.000000000000 -20.000000000000 756
406.306781961550 -49.000000000000 -23.000000000000 256
406.623009727567 -50.000000000000 -20.000000000000 737
408.931689003690 -73.000000000000 -22.000000000000 150
410.863009795273 -80.000000000000 -4.000000000000 872
411.717410169805 -83.000000000000 4.000000000000 350
413.417410169805 -98.000000000000 12.000000000000 955
417.117410169805 -63.000000000000 24.000000000000 611
419.961702700470 -58.000000000000 52.000000000000 406
419.961702700470 -58.000000000000 52.000000000000 589
420.103124056708 -57.000000000000 53.000000000000 23
420.550337652207 -53.000000000000 51.000000000000 972
420.650337652207 -52.000000000000 51.000000000000 586
421.357444433394 -53.000000000000 58.000000000000 753
421.557444433394 -53.000000000000 60.000000000000 5
421.757444433394 -51.000000000000 60.000000000000 730
422.040287145869 -49.000000000000 62.000000000000 709
422.487500741369 -45.000000000000 64.000000000000 359
423.158321134619 -48.000000000000 70.000000000000 811
423.381927932369 -50.000000000000 69.000000000000 64
423.794238494930 -51.000000000000 73.000000000000 752
424.094238494930 -51.000000000000 76.000000000000 711
424.454793622477 -48.000000000000 74.000000000000 526
424.902007217977 -44.000000000000 72.000000000000 254
425.125614015727 -42.000000000000 71.000000000000 707
425.832720796913 -37.000000000000 66.000000000000 789
426.687121171445 -29.000000000000 69.000000000000 473
427.099431734007 -28.000000000000 65.000000000000 462
427.637948214720 -23.000000000000 67.000000000000 452
428.085161810220 -25.000000000000 71.000000000000 693
428.401389576237 -24.000000000000 74.000000000000 512
428.542810932474 -23.000000000000 75.000000000000 338
429.263921187567 -27.000000000000 81.000000000000 901
429.763921187567 -30.000000000000 77.000000000000 912
430.124476315113 -32.000000000000 80.000000000000 639
431.927251952845 -50.000000000000 81.000000000000 946
433.067427377944 -61.000000000000 78.000000000000 548
433.605943858658 -59.000000000000 73.000000000000 458
434.246256282401 -55.000000000000 68.000000000000 665
434.546256282401 -55.000000000000 65.000000000000 280
434.769863080151 -57.000000000000 64.000000000000 847
435.182173642713 -61.000000000000 63.000000000000 226
437.263038847381 -73.000000000000 80.000000000000 253
437.675349409943 -77.000000000000 79.000000000000 184
438.087659972505 -78.000000000000 83.000000000000 455
439.117222986604 -73.000000000000 92.000000000000 396
439.340829784354 -74.000000000000 94.000000000000 353
439.906515209303 -70.000000000000 98.000000000000 878
440.318825771865 -66.000000000000 97.000000000000 319
441.080403082451 -69.000000000000 90.000000000000 735
442.501670122806 -80.000000000000 99.000000000000 696
443.134125654840 -86.000000000000 97.000000000000 573
443.581339250340 -88.000000000000 93.000000000000 921
444.189615503370 -89.000000000000 87.000000000000 991
444.689615503370 -94.000000000000 87.000000000000 513
445.417626492298 -96.000000000000 80.000000000000 566
445.778181619844 -98.000000000000 77.000000000000 272
446.386457872874 -92.000000000000 78.000000000000 732
446.586457872874 -90.000000000000 78.000000000000 409
447.717828722772 -98.000000000000 70.000000000000 233
448.317828722772 -98.000000000000 64.000000000000 828
448.765042318272 -100.000000000000 60.000000000000 601
448.906463674510 -99.000000000000 59.000000000000 268
449.267018802056 -96.000000000000 57.000000000000 442
449.467018802056 -96.000000000000 55.000000000000 133
449.783246568073 -99.000000000000 54.000000000000 197
450.564271535663 -93.000000000000 59.000000000000 825
451.064271535663 -89.000000000000 62.000000000000 68
451.380499301680 -88.000000000000 65.000000000000 575
454.803947855405 -92.000000000000 99.000000000000 114
462.633379507830 -23.000000000000 62.000000000000 667
463.080593103330 -19.000000000000 60.000000000000 470
463.441148230877 -16.000000000000 58.000000000000 115
463.741148230877 -13.000000000000 58.000000000000 285
464.241148230877 -13.000000000000 53.000000000000 846
464.849424483906 -19.000000000000 52.000000000000 251
465.149424483907 -19.000000000000 49.000000000000 468
465.509979611453 -22.000000000000 51.000000000000 276
465.922290174015 -23.000000000000 47.000000000000 255
466.063711530252 -24.000000000000 46.000000000000 480
468.348443462011 -15.000000000000 25.000000000000 395
470.148443462011 3.000000000000 25.000000000000 496
473.286914427306 30.000000000000 41.000000000000 815
473.386914427306 31.000000000000 41.000000000000 69
473.747469554853 34.000000000000 43.000000000000 345
474.247469554853 38.000000000000 40.000000000000 380
474.608024682399 40.000000000000 43.000000000000 77
474.924252448416 43.000000000000 44.000000000000 826
476.005917831055 34.000000000000 50.000000000000 186
476.366472958601 31.000000000000 52.000000000000 591
476.666472958601 28.000000000000 52.000000000000 464
476.982700724618 25.000000000000 53.000000000000 209
477.582700724618 25.000000000000 59.000000000000 994
478.029914320118 21.000000000000 61.000000000000 618
479.953452726285 40.000000000000 58.000000000000 863
480.053452726285 41.000000000000 58.000000000000 245
480.253452726285 41.000000000000 60.000000000000 192
480.791969206999 43.000000000000 55.000000000000 394
482.670798629804 60.000000000000 63.000000000000 717
483.525199004336 63.000000000000 55.000000000000 805
483.625199004336 64.000000000000 55.000000000000 888
485.686751817145 59.000000000000 35.000000000000 746
486.047306944691 56.000000000000 33.000000000000 175
486.679762476725 54.000000000000 27.000000000000 692
487.092073039287 55.000000000000 23.000000000000 774
487.539286634787 59.000000000000 21.000000000000 740
488.039286634787 59.000000000000 16.000000000000 851
488.180707991024 60.000000000000 15.000000000000 6
488.280707991024 61.000000000000 15.000000000000 544
488.422129347261 62.000000000000 14.000000000000 70
488.869342942761 64.000000000000 18.000000000000 600
489.469342942761 64.000000000000 24.000000000000 445
489.969342942761 61.000000000000 28.000000000000 979
490.110764298998 62.000000000000 29.000000000000 690
491.314923756878 71.000000000000 21.000000000000 858
493.523995960315 49.000000000000 23.000000000000 960
493.936306522877 48.000000000000 19.000000000000 320
494.474823003590 46.000000000000 14.000000000000 368
494.698429801340 44.000000000000 13.000000000000 613
495.058984928887 41.000000000000 15.000000000000 24
496.163521030605 42.000000000000 26.000000000000 511
496.729206455555 38.000000000000 30.000000000000 331
497.239108406914 37.000000000000 35.000000000000 550
502.261060218710 66.000000000000 76.000000000000 559
502.461060218710 68.000000000000 76.000000000000 104
502.861060218710 68.000000000000 80.000000000000 675
503.143902931184 70.000000000000 82.000000000000 238
503.643902931184 74.000000000000 85.000000000000 698
509.673828303857 14.000000000000 91.000000000000 719
522.539285932717 40.000000000000 -35.000000000000 645
528.277752626879 83.000000000000 -73.000000000000 196
528.419173983116 84.000000000000 -74.000000000000 631
528.919173983116 88.000000000000 -71.000000000000 483
529.279729110662 91.000000000000 -73.000000000000 914
529.421150466900 92.000000000000 -74.000000000000 166
529.737378232917 95.000000000000 -75.000000000000 820
530.369833764950 89.000000000000 -77.000000000000 188
531.399396779049 84.000000000000 -86.000000000000 934
531.846610374549 80.000000000000 -88.000000000000 634
532.706842901253 73.000000000000 -83.000000000000 865
534.495697283253 81.000000000000 -99.000000000000 982
538.163121447431 97.000000000000 -66.000000000000 55
538.663121447431 93.000000000000 -63.000000000000 17
539.163121447431 93.000000000000 -58.000000000000 968
539.663121447431 96.000000000000 -54.000000000000 996
539.886728245181 98.000000000000 -53.000000000000 641
540.202956011198 99.000000000000 -50.000000000000 727
553.457389231823 -33.000000000000 -38.000000000000 724
557.557389231823 -42.000000000000 -78.000000000000 622
557.840231944298 -40.000000000000 -80.000000000000 475
558.378748425011 -42.000000000000 -85.000000000000 451
558.478748425011 -42.000000000000 -86.000000000000 783
558.925962020511 -46.000000000000 -84.000000000000 290
559.125962020511 -46.000000000000 -82.000000000000 301
559.125962020511 -46.000000000000 -82.000000000000 429
559.442189786528 -47.000000000000 -79.000000000000 163
559.980706267241 -49.000000000000 -84.000000000000 539
560.519222747955 -51.000000000000 -89.000000000000 228
560.879777875501 -53.000000000000 -92.000000000000 959
561.103384673251 -54.000000000000 -94.000000000000 11
561.326991471001 -55.000000000000 -96.000000000000 318
561.967303894745 -60.000000000000 -100.000000000000 592
562.575580147774 -66.000000000000 -99.000000000000 928
562.799186945524 -67.000000000000 -97.000000000000 980
562.899186945524 -68.000000000000 -97.000000000000 476
563.182029657999 -66.000000000000 -95.000000000000 874
563.405636455749 -68.000000000000 -94.000000000000 679
564.076456848999 -65.000000000000 -88.000000000000 355
564.523670444499 -61.000000000000 -90.000000000000 956
564.970884039999 -57.000000000000 -88.000000000000 974
565.831116566703 -62.000000000000 -81.000000000000 598
566.552226821796 -56.000000000000 -77.000000000000 12
568.772587152913 -38.000000000000 -90.000000000000 19
569.405042684947 -40.000000000000 -96.000000000000 165
569.805042684947 -40.000000000000 -100.000000000000 171
573.305042684947 -75.000000000000 -100.000000000000 624
573.975863078197 -81.000000000000 -97.000000000000 260
574.336418205743 -79.000000000000 -94.000000000000 534
574.836418205743 -76.000000000000 -90.000000000000 565
575.785101503794 -85.000000000000 -93.000000000000 803
576.295003455153 -86.000000000000 -88.000000000000 859
576.518610252903 -85.000000000000 -86.000000000000 818
576.834838018920 -84.000000000000 -83.000000000000 886
577.729265209920 -92.000000000000 -87.000000000000 14
578.089820337466 -94.000000000000 -84.000000000000 558
578.231241693704 -95.000000000000 -85.000000000000 832
578.531241693703 -98.000000000000 -85.000000000000 529
579.531241693703 -92.000000000000 -93.000000000000 839
579.943552256265 -93.000000000000 -97.000000000000 680
580.259780022282 -94.000000000000 -100.000000000000 41
580.706993617782 -96.000000000000 -96.000000000000 942
581.561393992314 -88.000000000000 -99.000000000000 672
581.702815348551 -87.000000000000 -98.000000000000 712
584.106978404585 -94.000000000000 -75.000000000000 633
584.330585202335 -96.000000000000 -74.000000000000 648
584.554192000085 -97.000000000000 -72.000000000000 510
584.754192000085 -97.000000000000 -70.000000000000 813
585.386647532119 -95.000000000000 -64.000000000000 71
